<?xml version="1.0" encoding="UTF-8"?>
<!-- Generated by org.testng.reporters.JUnitReportReporter -->
<testsuite hostname="DESKTOP-SO34K2I" failures="0" tests="3" name="magentoWebsiteTestingL5.MyFirstTest" time="9.707" errors="0" timestamp="2024-08-10T23:42:13 EET" skipped="0">
  <testcase classname="magentoWebsiteTestingL5.MyFirstTest" name="myTest" time="5.229"/>
  <system-out/>
  <testcase classname="magentoWebsiteTestingL5.MyFirstTest" name="logOut" time="1.443"/>
  <system-out/>
  <testcase classname="magentoWebsiteTestingL5.MyFirstTest" name="loginTest" time="3.035"/>
  <system-out/>
</testsuite> <!-- magentoWebsiteTestingL5.MyFirstTest -->
